[debug] [2022-03-15T09:18:28.683Z] ----------------------------------------------------------------------
[debug] [2022-03-15T09:18:28.686Z] Command:       C:\Program Files\nodejs\node.exe C:\Users\kavin\AppData\Roaming\npm\node_modules\firebase-tools\lib\bin\firebase.js init
[debug] [2022-03-15T09:18:28.686Z] CLI Version:   10.2.2
[debug] [2022-03-15T09:18:28.686Z] Platform:      win32
[debug] [2022-03-15T09:18:28.686Z] Node Version:  v14.16.0
[debug] [2022-03-15T09:18:28.687Z] Time:          Tue Mar 15 2022 14:48:28 GMT+0530 (India Standard Time)
[debug] [2022-03-15T09:18:28.687Z] ----------------------------------------------------------------------
[debug] 
[debug] [2022-03-15T09:18:28.786Z] > command requires scopes: ["email","openid","https://www.googleapis.com/auth/cloudplatformprojects.readonly","https://www.googleapis.com/auth/firebase","https://www.googleapis.com/auth/cloud-platform"]
[debug] [2022-03-15T09:18:28.786Z] > authorizing via signed-in user (sem05softwareengineering@gmail.com)
[info] 
     ######## #### ########  ######## ########     ###     ######  ########
     ##        ##  ##     ## ##       ##     ##  ##   ##  ##       ##
     ######    ##  ########  ######   ########  #########  ######  ######
     ##        ##  ##    ##  ##       ##     ## ##     ##       ## ##
     ##       #### ##     ## ######## ########  ##     ##  ######  ########

You're about to initialize a Firebase project in this directory:

  D:\Hospital Management System\km-hospital

Before we get started, keep in mind:

  * You are initializing within an existing Firebase project directory

